2018-04-11 14:00:24,455 INFO  - Starting ServiceWrapper in the service mode
2018-04-11 14:00:25,950 INFO  - Starting C:\Program Files (x86)\Jenkins\jre\bin\java -Xrs -Xmx256m -Dhudson.lifecycle=hudson.lifecycle.WindowsServiceLifecycle -jar "C:\Program Files (x86)\Jenkins\jenkins.war" --httpPort=8080 --webroot="C:\Program Files (x86)\Jenkins\war"
2018-04-11 14:00:26,110 INFO  - Extension loaded: killOnStartup
2018-04-11 14:00:26,330 WARN  - The requested PID file 'C:\Program Files (x86)\Jenkins\jenkins.pid' does not exist. The runaway process won't be checked
2018-04-11 14:00:26,340 INFO  - Starting C:\Program Files (x86)\Jenkins\jre\bin\java -Xrs -Xmx256m -Dhudson.lifecycle=hudson.lifecycle.WindowsServiceLifecycle -jar "C:\Program Files (x86)\Jenkins\jenkins.war" --httpPort=8080 --webroot="C:\Program Files (x86)\Jenkins\war"
2018-04-11 14:00:28,102 INFO  - Started process 1864
2018-04-11 14:00:28,422 DEBUG - Forwarding logs of the process System.Diagnostics.Process (java) to winsw.SizeBasedRollingLogAppender
2018-04-11 14:00:28,442 INFO  - Recording PID of the started process:1864. PID file destination is C:\Program Files (x86)\Jenkins\jenkins.pid
2018-04-11 14:53:41,537 DEBUG - Starting ServiceWrapper in the CLI mode
2018-04-11 14:53:50,670 INFO  - Restarting the service with id 'Jenkins'
2018-04-11 14:53:50,779 DEBUG - Completed. Exit code is 0
2018-04-11 14:53:51,328 DEBUG - Starting ServiceWrapper in the CLI mode
2018-04-11 14:53:52,292 INFO  - Restarting the service with id 'Jenkins'
2018-04-11 14:53:52,681 INFO  - Stopping Jenkins
2018-04-11 14:53:52,681 DEBUG - ProcessKill 1864
2018-04-11 14:53:53,150 INFO  - Stopping process 1864
2018-04-11 14:53:53,166 INFO  - Send SIGINT 1864
2018-04-11 14:53:53,369 INFO  - SIGINT to1864 successful
2018-04-11 14:53:53,384 INFO  - Finished Jenkins
2018-04-11 14:53:53,384 DEBUG - Completed. Exit code is 0
2018-04-11 14:53:54,749 INFO  - Starting ServiceWrapper in the service mode
2018-04-11 14:53:54,874 DEBUG - Completed. Exit code is 0
2018-04-11 14:53:54,968 INFO  - Starting C:\Program Files (x86)\Jenkins\jre\bin\java -Xrs -Xmx256m -Dhudson.lifecycle=hudson.lifecycle.WindowsServiceLifecycle -jar "C:\Program Files (x86)\Jenkins\jenkins.war" --httpPort=8080 --webroot="C:\Program Files (x86)\Jenkins\war"
2018-04-11 14:53:55,015 INFO  - Extension loaded: killOnStartup
2018-04-11 14:53:55,046 DEBUG - Checking the potentially runaway process with PID=1864
2018-04-11 14:53:55,374 DEBUG - No runaway process with PID=1864. The process has been already stopped.
2018-04-11 14:53:55,374 INFO  - Starting C:\Program Files (x86)\Jenkins\jre\bin\java -Xrs -Xmx256m -Dhudson.lifecycle=hudson.lifecycle.WindowsServiceLifecycle -jar "C:\Program Files (x86)\Jenkins\jenkins.war" --httpPort=8080 --webroot="C:\Program Files (x86)\Jenkins\war"
2018-04-11 14:53:55,598 INFO  - Started process 4888
2018-04-11 14:53:55,604 DEBUG - Forwarding logs of the process System.Diagnostics.Process (java) to winsw.SizeBasedRollingLogAppender
2018-04-11 14:53:55,635 INFO  - Recording PID of the started process:4888. PID file destination is C:\Program Files (x86)\Jenkins\jenkins.pid
2018-04-11 16:59:12,146 DEBUG - Starting ServiceWrapper in the CLI mode
2018-04-11 16:59:14,694 INFO  - Restarting the service with id 'Jenkins'
2018-04-11 16:59:14,820 DEBUG - Completed. Exit code is 0
2018-04-11 16:59:15,412 DEBUG - Starting ServiceWrapper in the CLI mode
2018-04-11 16:59:16,287 INFO  - Restarting the service with id 'Jenkins'
2018-04-11 16:59:16,600 INFO  - Stopping Jenkins
2018-04-11 16:59:16,600 DEBUG - ProcessKill 4888
2018-04-11 16:59:16,975 INFO  - Stopping process 4888
2018-04-11 16:59:16,991 INFO  - Send SIGINT 4888
2018-04-11 16:59:17,180 INFO  - SIGINT to4888 successful
2018-04-11 16:59:17,196 INFO  - Finished Jenkins
2018-04-11 16:59:17,196 DEBUG - Completed. Exit code is 0
2018-04-11 16:59:18,942 INFO  - Starting ServiceWrapper in the service mode
2018-04-11 16:59:19,052 DEBUG - Completed. Exit code is 0
2018-04-11 16:59:19,161 INFO  - Starting C:\Program Files (x86)\Jenkins\jre\bin\java -Xrs -Xmx256m -Dhudson.lifecycle=hudson.lifecycle.WindowsServiceLifecycle -jar "C:\Program Files (x86)\Jenkins\jenkins.war" --httpPort=8080 --webroot="C:\Program Files (x86)\Jenkins\war"
2018-04-11 16:59:19,208 INFO  - Extension loaded: killOnStartup
2018-04-11 16:59:19,239 DEBUG - Checking the potentially runaway process with PID=4888
2018-04-11 16:59:19,395 DEBUG - No runaway process with PID=4888. The process has been already stopped.
2018-04-11 16:59:19,410 INFO  - Starting C:\Program Files (x86)\Jenkins\jre\bin\java -Xrs -Xmx256m -Dhudson.lifecycle=hudson.lifecycle.WindowsServiceLifecycle -jar "C:\Program Files (x86)\Jenkins\jenkins.war" --httpPort=8080 --webroot="C:\Program Files (x86)\Jenkins\war"
2018-04-11 16:59:19,630 INFO  - Started process 3028
2018-04-11 16:59:19,630 DEBUG - Forwarding logs of the process System.Diagnostics.Process (java) to winsw.SizeBasedRollingLogAppender
2018-04-11 16:59:19,677 INFO  - Recording PID of the started process:3028. PID file destination is C:\Program Files (x86)\Jenkins\jenkins.pid
2018-04-11 20:53:51,516 INFO  - Stopping Jenkins
2018-04-11 20:53:53,513 DEBUG - ProcessKill 3028
2018-04-12 13:37:08,330 INFO  - Starting ServiceWrapper in the service mode
2018-04-12 13:37:11,200 INFO  - Starting C:\Program Files (x86)\Jenkins\jre\bin\java -Xrs -Xmx256m -Dhudson.lifecycle=hudson.lifecycle.WindowsServiceLifecycle -jar "C:\Program Files (x86)\Jenkins\jenkins.war" --httpPort=8080 --webroot="C:\Program Files (x86)\Jenkins\war"
2018-04-12 13:37:11,637 INFO  - Extension loaded: killOnStartup
2018-04-12 13:37:12,885 DEBUG - Checking the potentially runaway process with PID=3028
2018-04-12 13:37:15,615 DEBUG - No runaway process with PID=3028. The process has been already stopped.
2018-04-12 13:37:15,615 INFO  - Starting C:\Program Files (x86)\Jenkins\jre\bin\java -Xrs -Xmx256m -Dhudson.lifecycle=hudson.lifecycle.WindowsServiceLifecycle -jar "C:\Program Files (x86)\Jenkins\jenkins.war" --httpPort=8080 --webroot="C:\Program Files (x86)\Jenkins\war"
2018-04-12 13:37:16,192 INFO  - Started process 3048
2018-04-12 13:37:16,208 DEBUG - Forwarding logs of the process System.Diagnostics.Process (java) to winsw.SizeBasedRollingLogAppender
2018-04-12 13:37:16,270 INFO  - Recording PID of the started process:3048. PID file destination is C:\Program Files (x86)\Jenkins\jenkins.pid
2018-04-12 20:58:08,647 INFO  - Stopping Jenkins
2018-04-12 20:58:15,605 DEBUG - ProcessKill 3048
2018-04-13 13:01:07,971 INFO  - Starting ServiceWrapper in the service mode
2018-04-13 13:01:08,782 INFO  - Starting C:\Program Files (x86)\Jenkins\jre\bin\java -Xrs -Xmx256m -Dhudson.lifecycle=hudson.lifecycle.WindowsServiceLifecycle -jar "C:\Program Files (x86)\Jenkins\jenkins.war" --httpPort=8080 --webroot="C:\Program Files (x86)\Jenkins\war"
2018-04-13 13:01:08,907 INFO  - Extension loaded: killOnStartup
2018-04-13 13:01:09,063 DEBUG - Checking the potentially runaway process with PID=3048
2018-04-13 13:01:09,765 DEBUG - No runaway process with PID=3048. The process has been already stopped.
2018-04-13 13:01:09,765 INFO  - Starting C:\Program Files (x86)\Jenkins\jre\bin\java -Xrs -Xmx256m -Dhudson.lifecycle=hudson.lifecycle.WindowsServiceLifecycle -jar "C:\Program Files (x86)\Jenkins\jenkins.war" --httpPort=8080 --webroot="C:\Program Files (x86)\Jenkins\war"
2018-04-13 13:01:10,233 INFO  - Started process 2180
2018-04-13 13:01:10,264 DEBUG - Forwarding logs of the process System.Diagnostics.Process (java) to winsw.SizeBasedRollingLogAppender
2018-04-13 13:01:10,280 INFO  - Recording PID of the started process:2180. PID file destination is C:\Program Files (x86)\Jenkins\jenkins.pid
2018-04-13 17:51:26,757 INFO  - Stopping Jenkins
2018-04-13 17:51:29,019 DEBUG - ProcessKill 2180
2018-04-13 17:54:46,958 INFO  - Starting ServiceWrapper in the service mode
2018-04-13 17:54:47,848 INFO  - Starting C:\Program Files (x86)\Jenkins\jre\bin\java -Xrs -Xmx256m -Dhudson.lifecycle=hudson.lifecycle.WindowsServiceLifecycle -jar "C:\Program Files (x86)\Jenkins\jenkins.war" --httpPort=8080 --webroot="C:\Program Files (x86)\Jenkins\war"
2018-04-13 17:54:48,035 INFO  - Extension loaded: killOnStartup
2018-04-13 17:54:48,206 DEBUG - Checking the potentially runaway process with PID=2180
2018-04-13 17:54:48,862 DEBUG - No runaway process with PID=2180. The process has been already stopped.
2018-04-13 17:54:48,862 INFO  - Starting C:\Program Files (x86)\Jenkins\jre\bin\java -Xrs -Xmx256m -Dhudson.lifecycle=hudson.lifecycle.WindowsServiceLifecycle -jar "C:\Program Files (x86)\Jenkins\jenkins.war" --httpPort=8080 --webroot="C:\Program Files (x86)\Jenkins\war"
2018-04-13 17:54:49,174 INFO  - Started process 2468
2018-04-13 17:54:49,189 DEBUG - Forwarding logs of the process System.Diagnostics.Process (java) to winsw.SizeBasedRollingLogAppender
2018-04-13 17:54:49,220 INFO  - Recording PID of the started process:2468. PID file destination is C:\Program Files (x86)\Jenkins\jenkins.pid
2018-04-13 20:57:36,745 INFO  - Stopping Jenkins
2018-04-13 20:57:37,089 DEBUG - ProcessKill 2468
2018-04-14 16:39:55,408 INFO  - Starting ServiceWrapper in the service mode
2018-04-14 16:40:53,850 INFO  - Starting C:\Program Files (x86)\Jenkins\jre\bin\java -Xrs -Xmx256m -Dhudson.lifecycle=hudson.lifecycle.WindowsServiceLifecycle -jar "C:\Program Files (x86)\Jenkins\jenkins.war" --httpPort=8080 --webroot="C:\Program Files (x86)\Jenkins\war"
2018-04-14 16:40:54,124 INFO  - Extension loaded: killOnStartup
2018-04-14 16:40:54,366 DEBUG - Checking the potentially runaway process with PID=2468
2018-04-14 16:40:56,312 DEBUG - No runaway process with PID=2468. The process has been already stopped.
2018-04-14 16:40:56,322 INFO  - Starting C:\Program Files (x86)\Jenkins\jre\bin\java -Xrs -Xmx256m -Dhudson.lifecycle=hudson.lifecycle.WindowsServiceLifecycle -jar "C:\Program Files (x86)\Jenkins\jenkins.war" --httpPort=8080 --webroot="C:\Program Files (x86)\Jenkins\war"
2018-04-14 16:40:57,316 INFO  - Started process 2160
2018-04-14 16:40:57,466 DEBUG - Forwarding logs of the process System.Diagnostics.Process (java) to winsw.SizeBasedRollingLogAppender
2018-04-14 16:40:57,596 INFO  - Recording PID of the started process:2160. PID file destination is C:\Program Files (x86)\Jenkins\jenkins.pid
2018-04-14 18:47:04,354 INFO  - Stopping Jenkins
2018-04-14 18:47:04,369 DEBUG - ProcessKill 2160
2018-04-14 18:47:10,672 WARN  - Failed to locate children of the process with PID=2160. Child processes won't be terminated
System.Runtime.InteropServices.COMException (0x8007045B): 系統關機進行中。 (Exception from HRESULT: 0x8007045B)
   at System.Runtime.InteropServices.Marshal.ThrowExceptionForHRInternal(Int32 errorCode, IntPtr errorInfo)
   at System.Management.ManagementScope.InitializeGuts(Object o)
   at System.Management.ManagementScope.Initialize()
   at System.Management.ManagementObjectSearcher.Initialize()
   at System.Management.ManagementObjectSearcher.Get()
   at winsw.Util.ProcessHelper.GetChildPids(Int32 pid)
2018-04-14 18:47:12,809 INFO  - Stopping process 2160
2018-04-14 18:47:12,824 INFO  - Send SIGINT 2160
2018-04-15 15:28:32,868 INFO  - Starting ServiceWrapper in the service mode
2018-04-15 15:28:33,742 INFO  - Starting C:\Program Files (x86)\Jenkins\jre\bin\java -Xrs -Xmx256m -Dhudson.lifecycle=hudson.lifecycle.WindowsServiceLifecycle -jar "C:\Program Files (x86)\Jenkins\jenkins.war" --httpPort=8080 --webroot="C:\Program Files (x86)\Jenkins\war"
2018-04-15 15:28:33,882 INFO  - Extension loaded: killOnStartup
2018-04-15 15:28:34,007 DEBUG - Checking the potentially runaway process with PID=2160
2018-04-15 15:28:34,271 DEBUG - No runaway process with PID=2160. The process has been already stopped.
2018-04-15 15:28:34,291 INFO  - Starting C:\Program Files (x86)\Jenkins\jre\bin\java -Xrs -Xmx256m -Dhudson.lifecycle=hudson.lifecycle.WindowsServiceLifecycle -jar "C:\Program Files (x86)\Jenkins\jenkins.war" --httpPort=8080 --webroot="C:\Program Files (x86)\Jenkins\war"
2018-04-15 15:28:34,534 INFO  - Started process 2472
2018-04-15 15:28:34,540 DEBUG - Forwarding logs of the process System.Diagnostics.Process (java) to winsw.SizeBasedRollingLogAppender
2018-04-15 15:28:34,595 INFO  - Recording PID of the started process:2472. PID file destination is C:\Program Files (x86)\Jenkins\jenkins.pid
2018-04-15 17:16:39,085 INFO  - Stopping Jenkins
2018-04-15 17:16:44,451 DEBUG - ProcessKill 2472
2018-04-16 11:29:45,868 INFO  - Starting ServiceWrapper in the service mode
2018-04-16 11:29:46,396 INFO  - Starting C:\Program Files (x86)\Jenkins\jre\bin\java -Xrs -Xmx256m -Dhudson.lifecycle=hudson.lifecycle.WindowsServiceLifecycle -jar "C:\Program Files (x86)\Jenkins\jenkins.war" --httpPort=8080 --webroot="C:\Program Files (x86)\Jenkins\war"
2018-04-16 11:29:46,527 INFO  - Extension loaded: killOnStartup
2018-04-16 11:29:46,617 DEBUG - Checking the potentially runaway process with PID=2472
2018-04-16 11:29:46,882 DEBUG - No runaway process with PID=2472. The process has been already stopped.
2018-04-16 11:29:46,884 INFO  - Starting C:\Program Files (x86)\Jenkins\jre\bin\java -Xrs -Xmx256m -Dhudson.lifecycle=hudson.lifecycle.WindowsServiceLifecycle -jar "C:\Program Files (x86)\Jenkins\jenkins.war" --httpPort=8080 --webroot="C:\Program Files (x86)\Jenkins\war"
2018-04-16 11:29:47,078 INFO  - Started process 2504
2018-04-16 11:29:47,088 DEBUG - Forwarding logs of the process System.Diagnostics.Process (java) to winsw.SizeBasedRollingLogAppender
2018-04-16 11:29:47,153 INFO  - Recording PID of the started process:2504. PID file destination is C:\Program Files (x86)\Jenkins\jenkins.pid
2018-04-16 16:46:35,786 INFO  - Stopping Jenkins
2018-04-16 16:46:38,735 DEBUG - ProcessKill 2504
2018-04-16 16:52:16,734 INFO  - Starting ServiceWrapper in the service mode
2018-04-16 16:52:17,668 INFO  - Starting C:\Program Files (x86)\Jenkins\jre\bin\java -Xrs -Xmx256m -Dhudson.lifecycle=hudson.lifecycle.WindowsServiceLifecycle -jar "C:\Program Files (x86)\Jenkins\jenkins.war" --httpPort=8080 --webroot="C:\Program Files (x86)\Jenkins\war"
2018-04-16 16:52:17,808 INFO  - Extension loaded: killOnStartup
2018-04-16 16:52:17,983 DEBUG - Checking the potentially runaway process with PID=2504
2018-04-16 16:52:18,551 DEBUG - No runaway process with PID=2504. The process has been already stopped.
2018-04-16 16:52:18,552 INFO  - Starting C:\Program Files (x86)\Jenkins\jre\bin\java -Xrs -Xmx256m -Dhudson.lifecycle=hudson.lifecycle.WindowsServiceLifecycle -jar "C:\Program Files (x86)\Jenkins\jenkins.war" --httpPort=8080 --webroot="C:\Program Files (x86)\Jenkins\war"
2018-04-16 16:52:18,947 INFO  - Started process 2592
2018-04-16 16:52:18,947 DEBUG - Forwarding logs of the process System.Diagnostics.Process (java) to winsw.SizeBasedRollingLogAppender
2018-04-16 16:52:18,978 INFO  - Recording PID of the started process:2592. PID file destination is C:\Program Files (x86)\Jenkins\jenkins.pid
2018-04-16 20:58:20,349 INFO  - Stopping Jenkins
2018-04-16 20:58:20,724 DEBUG - ProcessKill 2592
2018-04-16 20:58:31,847 WARN  - Failed to locate children of the process with PID=2592. Child processes won't be terminated
System.Runtime.InteropServices.COMException (0x8007045B): 系統關機進行中。 (Exception from HRESULT: 0x8007045B)
   at System.Runtime.InteropServices.Marshal.ThrowExceptionForHRInternal(Int32 errorCode, IntPtr errorInfo)
   at System.Management.ManagementScope.InitializeGuts(Object o)
   at System.Management.ManagementScope.Initialize()
   at System.Management.ManagementObjectSearcher.Initialize()
   at System.Management.ManagementObjectSearcher.Get()
   at winsw.Util.ProcessHelper.GetChildPids(Int32 pid)
2018-04-16 20:58:33,110 INFO  - Stopping process 2592
2018-04-16 20:58:33,142 INFO  - Send SIGINT 2592
2018-04-17 13:45:38,286 INFO  - Starting ServiceWrapper in the service mode
2018-04-17 13:45:39,262 INFO  - Starting C:\Program Files (x86)\Jenkins\jre\bin\java -Xrs -Xmx256m -Dhudson.lifecycle=hudson.lifecycle.WindowsServiceLifecycle -jar "C:\Program Files (x86)\Jenkins\jenkins.war" --httpPort=8080 --webroot="C:\Program Files (x86)\Jenkins\war"
2018-04-17 13:45:39,322 INFO  - Extension loaded: killOnStartup
2018-04-17 13:45:39,382 DEBUG - Checking the potentially runaway process with PID=2592
2018-04-17 13:45:39,832 DEBUG - No runaway process with PID=2592. The process has been already stopped.
2018-04-17 13:45:39,836 INFO  - Starting C:\Program Files (x86)\Jenkins\jre\bin\java -Xrs -Xmx256m -Dhudson.lifecycle=hudson.lifecycle.WindowsServiceLifecycle -jar "C:\Program Files (x86)\Jenkins\jenkins.war" --httpPort=8080 --webroot="C:\Program Files (x86)\Jenkins\war"
2018-04-17 13:45:42,292 INFO  - Started process 2716
2018-04-17 13:45:42,303 DEBUG - Forwarding logs of the process System.Diagnostics.Process (java) to winsw.SizeBasedRollingLogAppender
2018-04-17 13:45:42,434 INFO  - Recording PID of the started process:2716. PID file destination is C:\Program Files (x86)\Jenkins\jenkins.pid
2018-04-17 20:26:05,092 INFO  - Starting ServiceWrapper in the service mode
2018-04-17 20:26:05,984 INFO  - Starting C:\Program Files (x86)\Jenkins\jre\bin\java -Xrs -Xmx256m -Dhudson.lifecycle=hudson.lifecycle.WindowsServiceLifecycle -jar "C:\Program Files (x86)\Jenkins\jenkins.war" --httpPort=8888 --webroot="C:\Program Files (x86)\Jenkins\war"
2018-04-17 20:26:06,134 INFO  - Extension loaded: killOnStartup
2018-04-17 20:26:06,284 DEBUG - Checking the potentially runaway process with PID=2716
2018-04-17 20:26:07,043 DEBUG - No runaway process with PID=2716. The process has been already stopped.
2018-04-17 20:26:07,065 INFO  - Starting C:\Program Files (x86)\Jenkins\jre\bin\java -Xrs -Xmx256m -Dhudson.lifecycle=hudson.lifecycle.WindowsServiceLifecycle -jar "C:\Program Files (x86)\Jenkins\jenkins.war" --httpPort=8888 --webroot="C:\Program Files (x86)\Jenkins\war"
2018-04-17 20:26:08,529 INFO  - Started process 3772
2018-04-17 20:26:08,669 DEBUG - Forwarding logs of the process System.Diagnostics.Process (java) to winsw.SizeBasedRollingLogAppender
2018-04-17 20:26:08,719 INFO  - Recording PID of the started process:3772. PID file destination is C:\Program Files (x86)\Jenkins\jenkins.pid
2018-04-17 20:26:40,712 INFO  - Stopping Jenkins
2018-04-17 20:26:40,712 DEBUG - ProcessKill 3772
2018-04-17 20:26:44,356 INFO  - Stopping process 3772
2018-04-17 20:26:44,366 INFO  - Send SIGINT 3772
2018-04-17 20:26:44,526 INFO  - SIGINT to3772 successful
2018-04-17 20:26:44,548 INFO  - Finished Jenkins
2018-04-17 20:26:44,559 DEBUG - Completed. Exit code is 0
2018-04-17 20:26:45,627 INFO  - Starting ServiceWrapper in the service mode
2018-04-17 20:26:45,787 INFO  - Starting C:\Program Files (x86)\Jenkins\jre\bin\java -Xrs -Xmx256m -Dhudson.lifecycle=hudson.lifecycle.WindowsServiceLifecycle -jar "C:\Program Files (x86)\Jenkins\jenkins.war" --httpPort=8888 --webroot="C:\Program Files (x86)\Jenkins\war"
2018-04-17 20:26:45,838 INFO  - Extension loaded: killOnStartup
2018-04-17 20:26:45,859 DEBUG - Checking the potentially runaway process with PID=3772
2018-04-17 20:26:45,920 DEBUG - No runaway process with PID=3772. The process has been already stopped.
2018-04-17 20:26:45,921 INFO  - Starting C:\Program Files (x86)\Jenkins\jre\bin\java -Xrs -Xmx256m -Dhudson.lifecycle=hudson.lifecycle.WindowsServiceLifecycle -jar "C:\Program Files (x86)\Jenkins\jenkins.war" --httpPort=8888 --webroot="C:\Program Files (x86)\Jenkins\war"
2018-04-17 20:26:45,992 INFO  - Started process 5216
2018-04-17 20:26:46,004 DEBUG - Forwarding logs of the process System.Diagnostics.Process (java) to winsw.SizeBasedRollingLogAppender
2018-04-17 20:26:46,033 INFO  - Recording PID of the started process:5216. PID file destination is C:\Program Files (x86)\Jenkins\jenkins.pid
2018-04-17 20:57:23,681 INFO  - Stopping Jenkins
2018-04-17 20:57:23,931 DEBUG - ProcessKill 5216
2018-04-17 20:57:35,958 WARN  - Failed to locate children of the process with PID=5216. Child processes won't be terminated
System.Runtime.InteropServices.COMException (0x8007045B): 系統關機進行中。 (Exception from HRESULT: 0x8007045B)
   at System.Runtime.InteropServices.Marshal.ThrowExceptionForHRInternal(Int32 errorCode, IntPtr errorInfo)
   at System.Management.ManagementScope.InitializeGuts(Object o)
   at System.Management.ManagementScope.Initialize()
   at System.Management.ManagementObjectSearcher.Initialize()
   at System.Management.ManagementObjectSearcher.Get()
   at winsw.Util.ProcessHelper.GetChildPids(Int32 pid)
2018-04-17 20:57:36,770 INFO  - Stopping process 5216
2018-04-17 20:57:36,770 INFO  - Send SIGINT 5216
2018-04-18 15:05:16,316 INFO  - Starting ServiceWrapper in the service mode
2018-04-18 15:05:16,866 INFO  - Starting C:\Program Files (x86)\Jenkins\jre\bin\java -Xrs -Xmx256m -Dhudson.lifecycle=hudson.lifecycle.WindowsServiceLifecycle -jar "C:\Program Files (x86)\Jenkins\jenkins.war" --httpPort=8888 --webroot="C:\Program Files (x86)\Jenkins\war"
2018-04-18 15:05:16,936 INFO  - Extension loaded: killOnStartup
2018-04-18 15:05:16,996 DEBUG - Checking the potentially runaway process with PID=5216
2018-04-18 15:05:17,456 DEBUG - No runaway process with PID=5216. The process has been already stopped.
2018-04-18 15:05:17,466 INFO  - Starting C:\Program Files (x86)\Jenkins\jre\bin\java -Xrs -Xmx256m -Dhudson.lifecycle=hudson.lifecycle.WindowsServiceLifecycle -jar "C:\Program Files (x86)\Jenkins\jenkins.war" --httpPort=8888 --webroot="C:\Program Files (x86)\Jenkins\war"
2018-04-18 15:05:17,746 INFO  - Started process 4260
2018-04-18 15:05:17,816 DEBUG - Forwarding logs of the process System.Diagnostics.Process (java) to winsw.SizeBasedRollingLogAppender
2018-04-18 15:05:17,874 INFO  - Recording PID of the started process:4260. PID file destination is C:\Program Files (x86)\Jenkins\jenkins.pid
2018-04-18 20:58:11,794 INFO  - Stopping Jenkins
2018-04-18 20:58:14,586 DEBUG - ProcessKill 4260
2018-04-19 10:46:12,192 INFO  - Starting ServiceWrapper in the service mode
2018-04-19 10:46:12,707 INFO  - Starting C:\Program Files (x86)\Jenkins\jre\bin\java -Xrs -Xmx256m -Dhudson.lifecycle=hudson.lifecycle.WindowsServiceLifecycle -jar "C:\Program Files (x86)\Jenkins\jenkins.war" --httpPort=8888 --webroot="C:\Program Files (x86)\Jenkins\war"
2018-04-19 10:46:13,347 INFO  - Extension loaded: killOnStartup
2018-04-19 10:46:13,846 DEBUG - Checking the potentially runaway process with PID=4260
2018-04-19 10:46:17,718 DEBUG - No runaway process with PID=4260. The process has been already stopped.
2018-04-19 10:46:17,726 INFO  - Starting C:\Program Files (x86)\Jenkins\jre\bin\java -Xrs -Xmx256m -Dhudson.lifecycle=hudson.lifecycle.WindowsServiceLifecycle -jar "C:\Program Files (x86)\Jenkins\jenkins.war" --httpPort=8888 --webroot="C:\Program Files (x86)\Jenkins\war"
2018-04-19 10:46:20,727 INFO  - Started process 2956
2018-04-19 10:46:20,804 DEBUG - Forwarding logs of the process System.Diagnostics.Process (java) to winsw.SizeBasedRollingLogAppender
2018-04-19 10:46:20,983 INFO  - Recording PID of the started process:2956. PID file destination is C:\Program Files (x86)\Jenkins\jenkins.pid
2018-04-20 13:50:28,814 INFO  - Stopping Jenkins
2018-04-20 13:50:35,163 DEBUG - ProcessKill 2956
2018-04-20 13:52:18,811 INFO  - Starting ServiceWrapper in the service mode
2018-04-20 13:52:19,165 INFO  - Starting C:\Program Files (x86)\Jenkins\jre\bin\java -Xrs -Xmx256m -Dhudson.lifecycle=hudson.lifecycle.WindowsServiceLifecycle -jar "C:\Program Files (x86)\Jenkins\jenkins.war" --httpPort=8888 --webroot="C:\Program Files (x86)\Jenkins\war"
2018-04-20 13:52:19,227 INFO  - Extension loaded: killOnStartup
2018-04-20 13:52:19,477 DEBUG - Checking the potentially runaway process with PID=2956
2018-04-20 13:52:19,851 DEBUG - No runaway process with PID=2956. The process has been already stopped.
2018-04-20 13:52:19,867 INFO  - Starting C:\Program Files (x86)\Jenkins\jre\bin\java -Xrs -Xmx256m -Dhudson.lifecycle=hudson.lifecycle.WindowsServiceLifecycle -jar "C:\Program Files (x86)\Jenkins\jenkins.war" --httpPort=8888 --webroot="C:\Program Files (x86)\Jenkins\war"
2018-04-20 13:52:19,991 INFO  - Started process 2900
2018-04-20 13:52:20,007 DEBUG - Forwarding logs of the process System.Diagnostics.Process (java) to winsw.SizeBasedRollingLogAppender
2018-04-20 13:52:20,101 INFO  - Recording PID of the started process:2900. PID file destination is C:\Program Files (x86)\Jenkins\jenkins.pid
2018-04-20 20:55:18,976 INFO  - Stopping Jenkins
2018-04-20 20:55:22,471 DEBUG - ProcessKill 2900
2018-04-21 12:49:10,530 INFO  - Starting ServiceWrapper in the service mode
2018-04-21 12:49:11,152 INFO  - Starting C:\Program Files (x86)\Jenkins\jre\bin\java -Xrs -Xmx256m -Dhudson.lifecycle=hudson.lifecycle.WindowsServiceLifecycle -jar "C:\Program Files (x86)\Jenkins\jenkins.war" --httpPort=8888 --webroot="C:\Program Files (x86)\Jenkins\war"
2018-04-21 12:49:11,314 INFO  - Extension loaded: killOnStartup
2018-04-21 12:49:11,384 DEBUG - Checking the potentially runaway process with PID=2900
2018-04-21 12:49:12,050 DEBUG - No runaway process with PID=2900. The process has been already stopped.
2018-04-21 12:49:12,053 INFO  - Starting C:\Program Files (x86)\Jenkins\jre\bin\java -Xrs -Xmx256m -Dhudson.lifecycle=hudson.lifecycle.WindowsServiceLifecycle -jar "C:\Program Files (x86)\Jenkins\jenkins.war" --httpPort=8888 --webroot="C:\Program Files (x86)\Jenkins\war"
2018-04-21 12:49:13,488 INFO  - Started process 2808
2018-04-21 12:49:13,504 DEBUG - Forwarding logs of the process System.Diagnostics.Process (java) to winsw.SizeBasedRollingLogAppender
2018-04-21 12:49:13,785 INFO  - Recording PID of the started process:2808. PID file destination is C:\Program Files (x86)\Jenkins\jenkins.pid
2018-04-21 22:12:56,430 INFO  - Stopping Jenkins
2018-04-21 22:12:58,880 DEBUG - ProcessKill 2808
2018-04-22 11:39:28,238 INFO  - Starting ServiceWrapper in the service mode
2018-04-22 11:39:29,593 INFO  - Starting C:\Program Files (x86)\Jenkins\jre\bin\java -Xrs -Xmx256m -Dhudson.lifecycle=hudson.lifecycle.WindowsServiceLifecycle -jar "C:\Program Files (x86)\Jenkins\jenkins.war" --httpPort=8888 --webroot="C:\Program Files (x86)\Jenkins\war"
2018-04-22 11:39:29,643 INFO  - Extension loaded: killOnStartup
2018-04-22 11:39:29,674 DEBUG - Checking the potentially runaway process with PID=2808
2018-04-22 11:39:29,981 DEBUG - No runaway process with PID=2808. The process has been already stopped.
2018-04-22 11:39:29,990 INFO  - Starting C:\Program Files (x86)\Jenkins\jre\bin\java -Xrs -Xmx256m -Dhudson.lifecycle=hudson.lifecycle.WindowsServiceLifecycle -jar "C:\Program Files (x86)\Jenkins\jenkins.war" --httpPort=8888 --webroot="C:\Program Files (x86)\Jenkins\war"
2018-04-22 11:39:30,196 INFO  - Started process 2612
2018-04-22 11:39:30,203 DEBUG - Forwarding logs of the process System.Diagnostics.Process (java) to winsw.SizeBasedRollingLogAppender
2018-04-22 11:39:30,261 INFO  - Recording PID of the started process:2612. PID file destination is C:\Program Files (x86)\Jenkins\jenkins.pid
2018-04-22 17:43:37,175 INFO  - Stopping Jenkins
2018-04-22 17:43:39,421 DEBUG - ProcessKill 2612
2018-04-23 11:57:15,918 INFO  - Starting ServiceWrapper in the service mode
2018-04-23 11:57:16,600 INFO  - Starting C:\Program Files (x86)\Jenkins\jre\bin\java -Xrs -Xmx256m -Dhudson.lifecycle=hudson.lifecycle.WindowsServiceLifecycle -jar "C:\Program Files (x86)\Jenkins\jenkins.war" --httpPort=8888 --webroot="C:\Program Files (x86)\Jenkins\war"
2018-04-23 11:57:16,765 INFO  - Extension loaded: killOnStartup
2018-04-23 11:57:16,854 DEBUG - Checking the potentially runaway process with PID=2612
2018-04-23 11:57:17,044 DEBUG - No runaway process with PID=2612. The process has been already stopped.
2018-04-23 11:57:17,065 INFO  - Starting C:\Program Files (x86)\Jenkins\jre\bin\java -Xrs -Xmx256m -Dhudson.lifecycle=hudson.lifecycle.WindowsServiceLifecycle -jar "C:\Program Files (x86)\Jenkins\jenkins.war" --httpPort=8888 --webroot="C:\Program Files (x86)\Jenkins\war"
2018-04-23 11:57:17,380 INFO  - Started process 2628
2018-04-23 11:57:17,387 DEBUG - Forwarding logs of the process System.Diagnostics.Process (java) to winsw.SizeBasedRollingLogAppender
2018-04-23 11:57:17,463 INFO  - Recording PID of the started process:2628. PID file destination is C:\Program Files (x86)\Jenkins\jenkins.pid
2018-04-23 20:59:00,312 INFO  - Stopping Jenkins
2018-04-23 20:59:04,602 DEBUG - ProcessKill 2628
2018-04-24 12:22:33,104 INFO  - Starting ServiceWrapper in the service mode
2018-04-24 12:22:33,534 INFO  - Starting C:\Program Files (x86)\Jenkins\jre\bin\java -Xrs -Xmx256m -Dhudson.lifecycle=hudson.lifecycle.WindowsServiceLifecycle -jar "C:\Program Files (x86)\Jenkins\jenkins.war" --httpPort=8888 --webroot="C:\Program Files (x86)\Jenkins\war"
2018-04-24 12:22:33,596 INFO  - Extension loaded: killOnStartup
2018-04-24 12:22:33,637 DEBUG - Checking the potentially runaway process with PID=2628
2018-04-24 12:22:34,078 DEBUG - No runaway process with PID=2628. The process has been already stopped.
2018-04-24 12:22:34,080 INFO  - Starting C:\Program Files (x86)\Jenkins\jre\bin\java -Xrs -Xmx256m -Dhudson.lifecycle=hudson.lifecycle.WindowsServiceLifecycle -jar "C:\Program Files (x86)\Jenkins\jenkins.war" --httpPort=8888 --webroot="C:\Program Files (x86)\Jenkins\war"
2018-04-24 12:22:34,248 INFO  - Started process 2744
2018-04-24 12:22:34,255 DEBUG - Forwarding logs of the process System.Diagnostics.Process (java) to winsw.SizeBasedRollingLogAppender
2018-04-24 12:22:34,387 INFO  - Recording PID of the started process:2744. PID file destination is C:\Program Files (x86)\Jenkins\jenkins.pid
2018-04-25 13:15:23,462 INFO  - Starting ServiceWrapper in the service mode
2018-04-25 13:15:23,985 INFO  - Starting C:\Program Files (x86)\Jenkins\jre\bin\java -Xrs -Xmx256m -Dhudson.lifecycle=hudson.lifecycle.WindowsServiceLifecycle -jar "C:\Program Files (x86)\Jenkins\jenkins.war" --httpPort=8888 --webroot="C:\Program Files (x86)\Jenkins\war"
2018-04-25 13:15:24,036 INFO  - Extension loaded: killOnStartup
2018-04-25 13:15:24,074 DEBUG - Checking the potentially runaway process with PID=2744
2018-04-25 13:15:28,995 DEBUG - No runaway process with PID=2744. The process has been already stopped.
2018-04-25 13:15:28,995 INFO  - Starting C:\Program Files (x86)\Jenkins\jre\bin\java -Xrs -Xmx256m -Dhudson.lifecycle=hudson.lifecycle.WindowsServiceLifecycle -jar "C:\Program Files (x86)\Jenkins\jenkins.war" --httpPort=8888 --webroot="C:\Program Files (x86)\Jenkins\war"
2018-04-25 13:15:29,127 INFO  - Started process 2728
2018-04-25 13:15:29,137 DEBUG - Forwarding logs of the process System.Diagnostics.Process (java) to winsw.SizeBasedRollingLogAppender
2018-04-25 13:15:29,230 INFO  - Recording PID of the started process:2728. PID file destination is C:\Program Files (x86)\Jenkins\jenkins.pid
2018-04-25 17:04:58,133 DEBUG - Starting ServiceWrapper in the CLI mode
2018-04-25 17:05:08,109 INFO  - Restarting the service with id 'Jenkins'
2018-04-25 17:05:08,329 DEBUG - Completed. Exit code is 0
2018-04-25 17:05:09,161 DEBUG - Starting ServiceWrapper in the CLI mode
2018-04-25 17:05:10,294 INFO  - Restarting the service with id 'Jenkins'
2018-04-25 17:05:12,840 INFO  - Stopping Jenkins
2018-04-25 17:05:12,933 DEBUG - ProcessKill 2728
2018-04-25 17:05:14,499 INFO  - Stopping process 2728
2018-04-25 17:05:14,559 INFO  - Send SIGINT 2728
2018-04-25 17:05:16,544 INFO  - SIGINT to2728 successful
2018-04-25 17:05:16,664 INFO  - Finished Jenkins
2018-04-25 17:05:16,694 DEBUG - Completed. Exit code is 0
2018-04-25 17:05:19,827 INFO  - Starting ServiceWrapper in the service mode
2018-04-25 17:05:20,039 DEBUG - Completed. Exit code is 0
2018-04-25 17:05:20,419 INFO  - Starting C:\Program Files (x86)\Jenkins\jre\bin\java -Xrs -Xmx256m -Dhudson.lifecycle=hudson.lifecycle.WindowsServiceLifecycle -jar "C:\Program Files (x86)\Jenkins\jenkins.war" --httpPort=8888 --webroot="C:\Program Files (x86)\Jenkins\war"
2018-04-25 17:05:20,509 INFO  - Extension loaded: killOnStartup
2018-04-25 17:05:20,619 DEBUG - Checking the potentially runaway process with PID=2728
2018-04-25 17:05:21,069 DEBUG - No runaway process with PID=2728. The process has been already stopped.
2018-04-25 17:05:21,069 INFO  - Starting C:\Program Files (x86)\Jenkins\jre\bin\java -Xrs -Xmx256m -Dhudson.lifecycle=hudson.lifecycle.WindowsServiceLifecycle -jar "C:\Program Files (x86)\Jenkins\jenkins.war" --httpPort=8888 --webroot="C:\Program Files (x86)\Jenkins\war"
2018-04-25 17:05:22,203 INFO  - Started process 4748
2018-04-25 17:05:22,273 DEBUG - Forwarding logs of the process System.Diagnostics.Process (java) to winsw.SizeBasedRollingLogAppender
2018-04-25 17:05:22,313 INFO  - Recording PID of the started process:4748. PID file destination is C:\Program Files (x86)\Jenkins\jenkins.pid
2018-04-25 20:57:59,310 INFO  - Stopping Jenkins
2018-04-25 20:58:05,223 DEBUG - ProcessKill 4748
2018-04-26 14:34:28,433 INFO  - Starting ServiceWrapper in the service mode
2018-04-26 14:34:28,870 INFO  - Starting C:\Program Files (x86)\Jenkins\jre\bin\java -Xrs -Xmx256m -Dhudson.lifecycle=hudson.lifecycle.WindowsServiceLifecycle -jar "C:\Program Files (x86)\Jenkins\jenkins.war" --httpPort=8888 --webroot="C:\Program Files (x86)\Jenkins\war"
2018-04-26 14:34:28,940 INFO  - Extension loaded: killOnStartup
2018-04-26 14:34:28,977 DEBUG - Checking the potentially runaway process with PID=4748
2018-04-26 14:34:29,952 DEBUG - No runaway process with PID=4748. The process has been already stopped.
2018-04-26 14:34:29,954 INFO  - Starting C:\Program Files (x86)\Jenkins\jre\bin\java -Xrs -Xmx256m -Dhudson.lifecycle=hudson.lifecycle.WindowsServiceLifecycle -jar "C:\Program Files (x86)\Jenkins\jenkins.war" --httpPort=8888 --webroot="C:\Program Files (x86)\Jenkins\war"
2018-04-26 14:34:30,569 INFO  - Started process 2716
2018-04-26 14:34:30,575 DEBUG - Forwarding logs of the process System.Diagnostics.Process (java) to winsw.SizeBasedRollingLogAppender
2018-04-26 14:34:30,642 INFO  - Recording PID of the started process:2716. PID file destination is C:\Program Files (x86)\Jenkins\jenkins.pid
2018-04-26 20:47:03,612 INFO  - Stopping Jenkins
2018-04-26 20:47:06,108 DEBUG - ProcessKill 2716
2018-04-30 14:10:46,457 INFO  - Starting ServiceWrapper in the service mode
2018-04-30 14:10:46,868 INFO  - Starting C:\Program Files (x86)\Jenkins\jre\bin\java -Xrs -Xmx256m -Dhudson.lifecycle=hudson.lifecycle.WindowsServiceLifecycle -jar "C:\Program Files (x86)\Jenkins\jenkins.war" --httpPort=8888 --webroot="C:\Program Files (x86)\Jenkins\war"
2018-04-30 14:10:46,961 INFO  - Extension loaded: killOnStartup
2018-04-30 14:10:47,031 DEBUG - Checking the potentially runaway process with PID=2716
2018-04-30 14:10:47,357 DEBUG - No runaway process with PID=2716. The process has been already stopped.
2018-04-30 14:10:47,377 INFO  - Starting C:\Program Files (x86)\Jenkins\jre\bin\java -Xrs -Xmx256m -Dhudson.lifecycle=hudson.lifecycle.WindowsServiceLifecycle -jar "C:\Program Files (x86)\Jenkins\jenkins.war" --httpPort=8888 --webroot="C:\Program Files (x86)\Jenkins\war"
2018-04-30 14:10:47,523 INFO  - Started process 2720
2018-04-30 14:10:47,533 DEBUG - Forwarding logs of the process System.Diagnostics.Process (java) to winsw.SizeBasedRollingLogAppender
2018-04-30 14:10:47,736 INFO  - Recording PID of the started process:2720. PID file destination is C:\Program Files (x86)\Jenkins\jenkins.pid
2018-05-02 14:49:33,023 INFO  - Starting ServiceWrapper in the service mode
2018-05-02 14:49:33,965 INFO  - Starting C:\Program Files (x86)\Jenkins\jre\bin\java -Xrs -Xmx256m -Dhudson.lifecycle=hudson.lifecycle.WindowsServiceLifecycle -jar "C:\Program Files (x86)\Jenkins\jenkins.war" --httpPort=8888 --webroot="C:\Program Files (x86)\Jenkins\war"
2018-05-02 14:49:34,085 INFO  - Extension loaded: killOnStartup
2018-05-02 14:49:34,235 DEBUG - Checking the potentially runaway process with PID=2720
2018-05-02 14:49:34,755 DEBUG - No runaway process with PID=2720. The process has been already stopped.
2018-05-02 14:49:34,765 INFO  - Starting C:\Program Files (x86)\Jenkins\jre\bin\java -Xrs -Xmx256m -Dhudson.lifecycle=hudson.lifecycle.WindowsServiceLifecycle -jar "C:\Program Files (x86)\Jenkins\jenkins.war" --httpPort=8888 --webroot="C:\Program Files (x86)\Jenkins\war"
2018-05-02 14:49:35,346 INFO  - Started process 5072
2018-05-02 14:49:35,536 DEBUG - Forwarding logs of the process System.Diagnostics.Process (java) to winsw.SizeBasedRollingLogAppender
2018-05-02 14:49:35,576 INFO  - Recording PID of the started process:5072. PID file destination is C:\Program Files (x86)\Jenkins\jenkins.pid
2018-05-02 20:59:17,800 INFO  - Stopping Jenkins
2018-05-02 20:59:21,685 DEBUG - ProcessKill 5072
2018-05-03 16:31:05,364 INFO  - Starting ServiceWrapper in the service mode
2018-05-03 16:31:06,222 INFO  - Starting C:\Program Files (x86)\Jenkins\jre\bin\java -Xrs -Xmx256m -Dhudson.lifecycle=hudson.lifecycle.WindowsServiceLifecycle -jar "C:\Program Files (x86)\Jenkins\jenkins.war" --httpPort=8888 --webroot="C:\Program Files (x86)\Jenkins\war"
2018-05-03 16:31:06,284 INFO  - Extension loaded: killOnStartup
2018-05-03 16:31:06,316 DEBUG - Checking the potentially runaway process with PID=5072
2018-05-03 16:31:07,470 DEBUG - No runaway process with PID=5072. The process has been already stopped.
2018-05-03 16:31:07,486 INFO  - Starting C:\Program Files (x86)\Jenkins\jre\bin\java -Xrs -Xmx256m -Dhudson.lifecycle=hudson.lifecycle.WindowsServiceLifecycle -jar "C:\Program Files (x86)\Jenkins\jenkins.war" --httpPort=8888 --webroot="C:\Program Files (x86)\Jenkins\war"
2018-05-03 16:31:07,751 INFO  - Started process 2524
2018-05-03 16:31:07,751 DEBUG - Forwarding logs of the process System.Diagnostics.Process (java) to winsw.SizeBasedRollingLogAppender
2018-05-03 16:31:08,094 INFO  - Recording PID of the started process:2524. PID file destination is C:\Program Files (x86)\Jenkins\jenkins.pid
2018-05-03 18:47:36,832 INFO  - Stopping Jenkins
2018-05-03 18:47:39,905 DEBUG - ProcessKill 2524
2018-05-03 19:08:27,517 INFO  - Starting ServiceWrapper in the service mode
2018-05-03 19:08:28,156 INFO  - Starting C:\Program Files (x86)\Jenkins\jre\bin\java -Xrs -Xmx256m -Dhudson.lifecycle=hudson.lifecycle.WindowsServiceLifecycle -jar "C:\Program Files (x86)\Jenkins\jenkins.war" --httpPort=8888 --webroot="C:\Program Files (x86)\Jenkins\war"
2018-05-03 19:08:28,237 INFO  - Extension loaded: killOnStartup
2018-05-03 19:08:28,272 DEBUG - Checking the potentially runaway process with PID=2524
2018-05-03 19:08:28,915 DEBUG - No runaway process with PID=2524. The process has been already stopped.
2018-05-03 19:08:28,917 INFO  - Starting C:\Program Files (x86)\Jenkins\jre\bin\java -Xrs -Xmx256m -Dhudson.lifecycle=hudson.lifecycle.WindowsServiceLifecycle -jar "C:\Program Files (x86)\Jenkins\jenkins.war" --httpPort=8888 --webroot="C:\Program Files (x86)\Jenkins\war"
2018-05-03 19:08:29,088 INFO  - Started process 2572
2018-05-03 19:08:29,095 DEBUG - Forwarding logs of the process System.Diagnostics.Process (java) to winsw.SizeBasedRollingLogAppender
2018-05-03 19:08:29,194 INFO  - Recording PID of the started process:2572. PID file destination is C:\Program Files (x86)\Jenkins\jenkins.pid
2018-05-03 19:34:27,798 INFO  - Stopping Jenkins
2018-05-03 19:34:29,468 DEBUG - ProcessKill 2572
2018-05-04 16:43:23,000 INFO  - Starting ServiceWrapper in the service mode
2018-05-04 16:43:23,628 INFO  - Starting C:\Program Files (x86)\Jenkins\jre\bin\java -Xrs -Xmx256m -Dhudson.lifecycle=hudson.lifecycle.WindowsServiceLifecycle -jar "C:\Program Files (x86)\Jenkins\jenkins.war" --httpPort=8888 --webroot="C:\Program Files (x86)\Jenkins\war"
2018-05-04 16:43:23,706 INFO  - Extension loaded: killOnStartup
2018-05-04 16:43:23,862 DEBUG - Checking the potentially runaway process with PID=2572
2018-05-04 16:43:24,065 DEBUG - No runaway process with PID=2572. The process has been already stopped.
2018-05-04 16:43:24,065 INFO  - Starting C:\Program Files (x86)\Jenkins\jre\bin\java -Xrs -Xmx256m -Dhudson.lifecycle=hudson.lifecycle.WindowsServiceLifecycle -jar "C:\Program Files (x86)\Jenkins\jenkins.war" --httpPort=8888 --webroot="C:\Program Files (x86)\Jenkins\war"
2018-05-04 16:43:24,315 INFO  - Started process 2624
2018-05-04 16:43:24,346 DEBUG - Forwarding logs of the process System.Diagnostics.Process (java) to winsw.SizeBasedRollingLogAppender
2018-05-04 16:43:24,471 INFO  - Recording PID of the started process:2624. PID file destination is C:\Program Files (x86)\Jenkins\jenkins.pid
2018-05-08 12:41:12,637 INFO  - Starting ServiceWrapper in the service mode
2018-05-08 12:41:13,224 INFO  - Starting C:\Program Files (x86)\Jenkins\jre\bin\java -Xrs -Xmx256m -Dhudson.lifecycle=hudson.lifecycle.WindowsServiceLifecycle -jar "C:\Program Files (x86)\Jenkins\jenkins.war" --httpPort=8888 --webroot="C:\Program Files (x86)\Jenkins\war"
2018-05-08 12:41:13,312 INFO  - Extension loaded: killOnStartup
2018-05-08 12:41:13,465 DEBUG - Checking the potentially runaway process with PID=2624
2018-05-08 12:41:14,192 DEBUG - No runaway process with PID=2624. The process has been already stopped.
2018-05-08 12:41:14,195 INFO  - Starting C:\Program Files (x86)\Jenkins\jre\bin\java -Xrs -Xmx256m -Dhudson.lifecycle=hudson.lifecycle.WindowsServiceLifecycle -jar "C:\Program Files (x86)\Jenkins\jenkins.war" --httpPort=8888 --webroot="C:\Program Files (x86)\Jenkins\war"
2018-05-08 12:41:14,590 INFO  - Started process 2752
2018-05-08 12:41:14,606 DEBUG - Forwarding logs of the process System.Diagnostics.Process (java) to winsw.SizeBasedRollingLogAppender
2018-05-08 12:41:14,949 INFO  - Recording PID of the started process:2752. PID file destination is C:\Program Files (x86)\Jenkins\jenkins.pid
2018-05-08 19:25:14,196 INFO  - Stopping Jenkins
2018-05-08 19:25:17,410 DEBUG - ProcessKill 2752
2018-05-09 14:25:33,779 INFO  - Starting ServiceWrapper in the service mode
2018-05-09 14:25:34,208 INFO  - Starting C:\Program Files (x86)\Jenkins\jre\bin\java -Xrs -Xmx256m -Dhudson.lifecycle=hudson.lifecycle.WindowsServiceLifecycle -jar "C:\Program Files (x86)\Jenkins\jenkins.war" --httpPort=8888 --webroot="C:\Program Files (x86)\Jenkins\war"
2018-05-09 14:25:34,283 INFO  - Extension loaded: killOnStartup
2018-05-09 14:25:34,593 DEBUG - Checking the potentially runaway process with PID=2752
2018-05-09 14:25:34,905 DEBUG - No runaway process with PID=2752. The process has been already stopped.
2018-05-09 14:25:34,963 INFO  - Starting C:\Program Files (x86)\Jenkins\jre\bin\java -Xrs -Xmx256m -Dhudson.lifecycle=hudson.lifecycle.WindowsServiceLifecycle -jar "C:\Program Files (x86)\Jenkins\jenkins.war" --httpPort=8888 --webroot="C:\Program Files (x86)\Jenkins\war"
2018-05-09 14:25:35,172 INFO  - Started process 2656
2018-05-09 14:25:35,179 DEBUG - Forwarding logs of the process System.Diagnostics.Process (java) to winsw.SizeBasedRollingLogAppender
2018-05-09 14:25:35,265 INFO  - Recording PID of the started process:2656. PID file destination is C:\Program Files (x86)\Jenkins\jenkins.pid
2018-05-10 00:09:12,091 INFO  - Stopping Jenkins
2018-05-10 00:09:14,431 DEBUG - ProcessKill 2656
2018-05-10 10:03:22,753 INFO  - Starting ServiceWrapper in the service mode
2018-05-10 10:03:23,192 INFO  - Starting C:\Program Files (x86)\Jenkins\jre\bin\java -Xrs -Xmx256m -Dhudson.lifecycle=hudson.lifecycle.WindowsServiceLifecycle -jar "C:\Program Files (x86)\Jenkins\jenkins.war" --httpPort=8888 --webroot="C:\Program Files (x86)\Jenkins\war"
2018-05-10 10:03:23,262 INFO  - Extension loaded: killOnStartup
2018-05-10 10:03:23,377 DEBUG - Checking the potentially runaway process with PID=2656
2018-05-10 10:03:23,643 DEBUG - No runaway process with PID=2656. The process has been already stopped.
2018-05-10 10:03:23,712 INFO  - Starting C:\Program Files (x86)\Jenkins\jre\bin\java -Xrs -Xmx256m -Dhudson.lifecycle=hudson.lifecycle.WindowsServiceLifecycle -jar "C:\Program Files (x86)\Jenkins\jenkins.war" --httpPort=8888 --webroot="C:\Program Files (x86)\Jenkins\war"
2018-05-10 10:03:23,871 INFO  - Started process 2484
2018-05-10 10:03:23,877 DEBUG - Forwarding logs of the process System.Diagnostics.Process (java) to winsw.SizeBasedRollingLogAppender
2018-05-10 10:03:24,131 INFO  - Recording PID of the started process:2484. PID file destination is C:\Program Files (x86)\Jenkins\jenkins.pid
2018-05-10 18:05:12,727 INFO  - Stopping Jenkins
2018-05-10 18:05:17,922 DEBUG - ProcessKill 2484
2018-05-10 19:34:27,438 INFO  - Starting ServiceWrapper in the service mode
2018-05-10 19:34:27,712 INFO  - Starting C:\Program Files (x86)\Jenkins\jre\bin\java -Xrs -Xmx256m -Dhudson.lifecycle=hudson.lifecycle.WindowsServiceLifecycle -jar "C:\Program Files (x86)\Jenkins\jenkins.war" --httpPort=8888 --webroot="C:\Program Files (x86)\Jenkins\war"
2018-05-10 19:34:27,763 INFO  - Extension loaded: killOnStartup
2018-05-10 19:34:27,796 DEBUG - Checking the potentially runaway process with PID=2484
2018-05-10 19:34:28,091 DEBUG - No runaway process with PID=2484. The process has been already stopped.
2018-05-10 19:34:28,093 INFO  - Starting C:\Program Files (x86)\Jenkins\jre\bin\java -Xrs -Xmx256m -Dhudson.lifecycle=hudson.lifecycle.WindowsServiceLifecycle -jar "C:\Program Files (x86)\Jenkins\jenkins.war" --httpPort=8888 --webroot="C:\Program Files (x86)\Jenkins\war"
2018-05-10 19:34:28,450 INFO  - Started process 2544
2018-05-10 19:34:28,455 DEBUG - Forwarding logs of the process System.Diagnostics.Process (java) to winsw.SizeBasedRollingLogAppender
2018-05-10 19:34:28,602 INFO  - Recording PID of the started process:2544. PID file destination is C:\Program Files (x86)\Jenkins\jenkins.pid
2018-05-10 22:42:49,658 INFO  - Stopping Jenkins
2018-05-10 22:42:52,076 DEBUG - ProcessKill 2544
2018-05-11 16:00:14,461 INFO  - Starting ServiceWrapper in the service mode
2018-05-11 16:00:14,960 INFO  - Starting C:\Program Files (x86)\Jenkins\jre\bin\java -Xrs -Xmx256m -Dhudson.lifecycle=hudson.lifecycle.WindowsServiceLifecycle -jar "C:\Program Files (x86)\Jenkins\jenkins.war" --httpPort=8888 --webroot="C:\Program Files (x86)\Jenkins\war"
2018-05-11 16:00:15,024 INFO  - Extension loaded: killOnStartup
2018-05-11 16:00:15,073 DEBUG - Checking the potentially runaway process with PID=2544
2018-05-11 16:00:15,416 DEBUG - No runaway process with PID=2544. The process has been already stopped.
2018-05-11 16:00:15,418 INFO  - Starting C:\Program Files (x86)\Jenkins\jre\bin\java -Xrs -Xmx256m -Dhudson.lifecycle=hudson.lifecycle.WindowsServiceLifecycle -jar "C:\Program Files (x86)\Jenkins\jenkins.war" --httpPort=8888 --webroot="C:\Program Files (x86)\Jenkins\war"
2018-05-11 16:00:15,537 INFO  - Started process 2484
2018-05-11 16:00:15,561 DEBUG - Forwarding logs of the process System.Diagnostics.Process (java) to winsw.SizeBasedRollingLogAppender
2018-05-11 16:00:15,763 INFO  - Recording PID of the started process:2484. PID file destination is C:\Program Files (x86)\Jenkins\jenkins.pid
2018-05-11 21:00:08,934 INFO  - Stopping Jenkins
2018-05-11 21:00:12,241 DEBUG - ProcessKill 2484
2018-05-11 23:19:33,996 INFO  - Starting ServiceWrapper in the service mode
2018-05-11 23:19:34,371 INFO  - Starting C:\Program Files (x86)\Jenkins\jre\bin\java -Xrs -Xmx256m -Dhudson.lifecycle=hudson.lifecycle.WindowsServiceLifecycle -jar "C:\Program Files (x86)\Jenkins\jenkins.war" --httpPort=8888 --webroot="C:\Program Files (x86)\Jenkins\war"
2018-05-11 23:19:34,427 INFO  - Extension loaded: killOnStartup
2018-05-11 23:19:34,565 DEBUG - Checking the potentially runaway process with PID=2484
2018-05-11 23:19:34,974 DEBUG - No runaway process with PID=2484. The process has been already stopped.
2018-05-11 23:19:34,989 INFO  - Starting C:\Program Files (x86)\Jenkins\jre\bin\java -Xrs -Xmx256m -Dhudson.lifecycle=hudson.lifecycle.WindowsServiceLifecycle -jar "C:\Program Files (x86)\Jenkins\jenkins.war" --httpPort=8888 --webroot="C:\Program Files (x86)\Jenkins\war"
2018-05-11 23:19:35,114 INFO  - Started process 2612
2018-05-11 23:19:35,114 DEBUG - Forwarding logs of the process System.Diagnostics.Process (java) to winsw.SizeBasedRollingLogAppender
2018-05-11 23:19:35,223 INFO  - Recording PID of the started process:2612. PID file destination is C:\Program Files (x86)\Jenkins\jenkins.pid
2018-05-12 00:22:13,870 INFO  - Stopping Jenkins
2018-05-12 00:22:14,245 DEBUG - ProcessKill 2612
2018-05-12 00:22:20,703 WARN  - Failed to locate children of the process with PID=2612. Child processes won't be terminated
System.Runtime.InteropServices.COMException (0x8007045B): 系統關機進行中。 (Exception from HRESULT: 0x8007045B)
   at System.Runtime.InteropServices.Marshal.ThrowExceptionForHRInternal(Int32 errorCode, IntPtr errorInfo)
   at System.Management.ManagementScope.InitializeGuts(Object o)
   at System.Management.ManagementScope.Initialize()
   at System.Management.ManagementObjectSearcher.Initialize()
   at System.Management.ManagementObjectSearcher.Get()
   at winsw.Util.ProcessHelper.GetChildPids(Int32 pid)
2018-05-20 22:00:03,885 INFO  - Starting ServiceWrapper in the service mode
2018-05-20 22:00:04,275 INFO  - Starting C:\Program Files (x86)\Jenkins\jre\bin\java -Xrs -Xmx256m -Dhudson.lifecycle=hudson.lifecycle.WindowsServiceLifecycle -jar "C:\Program Files (x86)\Jenkins\jenkins.war" --httpPort=8888 --webroot="C:\Program Files (x86)\Jenkins\war"
2018-05-20 22:00:04,338 INFO  - Extension loaded: killOnStartup
2018-05-20 22:00:04,400 DEBUG - Checking the potentially runaway process with PID=2612
2018-05-20 22:00:04,743 DEBUG - No runaway process with PID=2612. The process has been already stopped.
2018-05-20 22:00:04,743 INFO  - Starting C:\Program Files (x86)\Jenkins\jre\bin\java -Xrs -Xmx256m -Dhudson.lifecycle=hudson.lifecycle.WindowsServiceLifecycle -jar "C:\Program Files (x86)\Jenkins\jenkins.war" --httpPort=8888 --webroot="C:\Program Files (x86)\Jenkins\war"
2018-05-20 22:00:04,915 INFO  - Started process 2840
2018-05-20 22:00:04,930 DEBUG - Forwarding logs of the process System.Diagnostics.Process (java) to winsw.SizeBasedRollingLogAppender
2018-05-20 22:00:05,086 INFO  - Recording PID of the started process:2840. PID file destination is C:\Program Files (x86)\Jenkins\jenkins.pid
2018-05-21 00:35:36,473 INFO  - Stopping Jenkins
2018-05-21 00:35:36,972 DEBUG - ProcessKill 2840
2018-05-21 15:14:54,028 INFO  - Starting ServiceWrapper in the service mode
2018-05-21 15:14:54,465 INFO  - Starting C:\Program Files (x86)\Jenkins\jre\bin\java -Xrs -Xmx256m -Dhudson.lifecycle=hudson.lifecycle.WindowsServiceLifecycle -jar "C:\Program Files (x86)\Jenkins\jenkins.war" --httpPort=8888 --webroot="C:\Program Files (x86)\Jenkins\war"
2018-05-21 15:14:54,511 INFO  - Extension loaded: killOnStartup
2018-05-21 15:14:54,621 DEBUG - Checking the potentially runaway process with PID=2840
2018-05-21 15:14:55,089 DEBUG - No runaway process with PID=2840. The process has been already stopped.
2018-05-21 15:14:55,089 INFO  - Starting C:\Program Files (x86)\Jenkins\jre\bin\java -Xrs -Xmx256m -Dhudson.lifecycle=hudson.lifecycle.WindowsServiceLifecycle -jar "C:\Program Files (x86)\Jenkins\jenkins.war" --httpPort=8888 --webroot="C:\Program Files (x86)\Jenkins\war"
2018-05-21 15:14:55,245 INFO  - Started process 2660
2018-05-21 15:14:55,260 DEBUG - Forwarding logs of the process System.Diagnostics.Process (java) to winsw.SizeBasedRollingLogAppender
2018-05-21 15:14:55,510 INFO  - Recording PID of the started process:2660. PID file destination is C:\Program Files (x86)\Jenkins\jenkins.pid
2018-05-21 21:21:55,792 INFO  - Stopping Jenkins
2018-05-21 21:21:59,146 DEBUG - ProcessKill 2660
2018-05-21 21:25:46,766 INFO  - Starting ServiceWrapper in the service mode
2018-05-21 21:25:48,148 INFO  - Starting C:\Program Files (x86)\Jenkins\jre\bin\java -Xrs -Xmx256m -Dhudson.lifecycle=hudson.lifecycle.WindowsServiceLifecycle -jar "C:\Program Files (x86)\Jenkins\jenkins.war" --httpPort=8888 --webroot="C:\Program Files (x86)\Jenkins\war"
2018-05-21 21:25:48,367 INFO  - Extension loaded: killOnStartup
2018-05-21 21:25:48,710 DEBUG - Checking the potentially runaway process with PID=2660
2018-05-21 21:25:49,506 DEBUG - No runaway process with PID=2660. The process has been already stopped.
2018-05-21 21:25:49,522 INFO  - Starting C:\Program Files (x86)\Jenkins\jre\bin\java -Xrs -Xmx256m -Dhudson.lifecycle=hudson.lifecycle.WindowsServiceLifecycle -jar "C:\Program Files (x86)\Jenkins\jenkins.war" --httpPort=8888 --webroot="C:\Program Files (x86)\Jenkins\war"
2018-05-21 21:25:49,943 INFO  - Started process 2736
2018-05-21 21:25:49,958 DEBUG - Forwarding logs of the process System.Diagnostics.Process (java) to winsw.SizeBasedRollingLogAppender
2018-05-21 21:25:50,052 INFO  - Recording PID of the started process:2736. PID file destination is C:\Program Files (x86)\Jenkins\jenkins.pid
2018-05-21 21:39:24,082 INFO  - Stopping Jenkins
2018-05-21 21:39:24,176 DEBUG - ProcessKill 2736
2018-05-21 21:39:27,280 WARN  - Failed to locate children of the process with PID=2736. Child processes won't be terminated
System.Runtime.InteropServices.COMException (0x8007045B): 系統關機進行中。 (Exception from HRESULT: 0x8007045B)
   at System.Runtime.InteropServices.Marshal.ThrowExceptionForHRInternal(Int32 errorCode, IntPtr errorInfo)
   at System.Management.ManagementScope.InitializeGuts(Object o)
   at System.Management.ManagementScope.Initialize()
   at System.Management.ManagementObjectSearcher.Initialize()
   at System.Management.ManagementObjectSearcher.Get()
   at winsw.Util.ProcessHelper.GetChildPids(Int32 pid)
2018-05-21 21:39:27,670 INFO  - Stopping process 2736
2018-05-21 21:39:27,670 INFO  - Send SIGINT 2736
2018-05-21 21:39:28,092 INFO  - SIGINT to2736 successful
2018-05-21 21:39:28,279 INFO  - Finished Jenkins
2018-05-21 21:39:28,435 DEBUG - Completed. Exit code is 0
2018-05-22 16:20:07,382 INFO  - Starting ServiceWrapper in the service mode
2018-05-22 16:20:07,913 INFO  - Starting C:\Program Files (x86)\Jenkins\jre\bin\java -Xrs -Xmx256m -Dhudson.lifecycle=hudson.lifecycle.WindowsServiceLifecycle -jar "C:\Program Files (x86)\Jenkins\jenkins.war" --httpPort=8888 --webroot="C:\Program Files (x86)\Jenkins\war"
2018-05-22 16:20:07,982 INFO  - Extension loaded: killOnStartup
2018-05-22 16:20:08,017 DEBUG - Checking the potentially runaway process with PID=2736
2018-05-22 16:20:12,376 DEBUG - No runaway process with PID=2736. The process has been already stopped.
2018-05-22 16:20:12,376 INFO  - Starting C:\Program Files (x86)\Jenkins\jre\bin\java -Xrs -Xmx256m -Dhudson.lifecycle=hudson.lifecycle.WindowsServiceLifecycle -jar "C:\Program Files (x86)\Jenkins\jenkins.war" --httpPort=8888 --webroot="C:\Program Files (x86)\Jenkins\war"
2018-05-22 16:20:12,485 INFO  - Started process 2828
2018-05-22 16:20:12,485 DEBUG - Forwarding logs of the process System.Diagnostics.Process (java) to winsw.SizeBasedRollingLogAppender
2018-05-22 16:20:12,547 INFO  - Recording PID of the started process:2828. PID file destination is C:\Program Files (x86)\Jenkins\jenkins.pid
2018-05-22 19:13:00,930 INFO  - Stopping Jenkins
2018-05-22 19:13:05,610 DEBUG - ProcessKill 2828
2018-05-23 13:01:33,930 INFO  - Starting ServiceWrapper in the service mode
2018-05-23 13:01:35,475 INFO  - Starting C:\Program Files (x86)\Jenkins\jre\bin\java -Xrs -Xmx256m -Dhudson.lifecycle=hudson.lifecycle.WindowsServiceLifecycle -jar "C:\Program Files (x86)\Jenkins\jenkins.war" --httpPort=8888 --webroot="C:\Program Files (x86)\Jenkins\war"
2018-05-23 13:01:35,522 INFO  - Extension loaded: killOnStartup
2018-05-23 13:01:35,600 DEBUG - Checking the potentially runaway process with PID=2828
2018-05-23 13:01:38,174 DEBUG - No runaway process with PID=2828. The process has been already stopped.
2018-05-23 13:01:38,314 INFO  - Starting C:\Program Files (x86)\Jenkins\jre\bin\java -Xrs -Xmx256m -Dhudson.lifecycle=hudson.lifecycle.WindowsServiceLifecycle -jar "C:\Program Files (x86)\Jenkins\jenkins.war" --httpPort=8888 --webroot="C:\Program Files (x86)\Jenkins\war"
2018-05-23 13:01:38,439 INFO  - Started process 2472
2018-05-23 13:01:38,439 DEBUG - Forwarding logs of the process System.Diagnostics.Process (java) to winsw.SizeBasedRollingLogAppender
2018-05-23 13:01:38,532 INFO  - Recording PID of the started process:2472. PID file destination is C:\Program Files (x86)\Jenkins\jenkins.pid
2018-05-23 20:52:44,223 INFO  - Stopping Jenkins
2018-05-23 20:52:46,719 DEBUG - ProcessKill 2472
2018-05-24 14:20:18,721 INFO  - Starting ServiceWrapper in the service mode
2018-05-24 14:20:19,408 INFO  - Starting C:\Program Files (x86)\Jenkins\jre\bin\java -Xrs -Xmx256m -Dhudson.lifecycle=hudson.lifecycle.WindowsServiceLifecycle -jar "C:\Program Files (x86)\Jenkins\jenkins.war" --httpPort=8888 --webroot="C:\Program Files (x86)\Jenkins\war"
2018-05-24 14:20:19,704 INFO  - Extension loaded: killOnStartup
2018-05-24 14:20:19,751 DEBUG - Checking the potentially runaway process with PID=2472
2018-05-24 14:20:20,078 DEBUG - No runaway process with PID=2472. The process has been already stopped.
2018-05-24 14:20:20,125 INFO  - Starting C:\Program Files (x86)\Jenkins\jre\bin\java -Xrs -Xmx256m -Dhudson.lifecycle=hudson.lifecycle.WindowsServiceLifecycle -jar "C:\Program Files (x86)\Jenkins\jenkins.war" --httpPort=8888 --webroot="C:\Program Files (x86)\Jenkins\war"
2018-05-24 14:20:20,328 INFO  - Started process 2588
2018-05-24 14:20:20,328 DEBUG - Forwarding logs of the process System.Diagnostics.Process (java) to winsw.SizeBasedRollingLogAppender
2018-05-24 14:20:20,437 INFO  - Recording PID of the started process:2588. PID file destination is C:\Program Files (x86)\Jenkins\jenkins.pid
2018-05-25 14:11:00,124 INFO  - Starting ServiceWrapper in the service mode
2018-05-25 14:11:00,929 INFO  - Starting C:\Program Files (x86)\Jenkins\jre\bin\java -Xrs -Xmx256m -Dhudson.lifecycle=hudson.lifecycle.WindowsServiceLifecycle -jar "C:\Program Files (x86)\Jenkins\jenkins.war" --httpPort=8888 --webroot="C:\Program Files (x86)\Jenkins\war"
2018-05-25 14:11:01,045 INFO  - Extension loaded: killOnStartup
2018-05-25 14:11:01,115 DEBUG - Checking the potentially runaway process with PID=2588
2018-05-25 14:11:03,285 DEBUG - No runaway process with PID=2588. The process has been already stopped.
2018-05-25 14:11:03,285 INFO  - Starting C:\Program Files (x86)\Jenkins\jre\bin\java -Xrs -Xmx256m -Dhudson.lifecycle=hudson.lifecycle.WindowsServiceLifecycle -jar "C:\Program Files (x86)\Jenkins\jenkins.war" --httpPort=8888 --webroot="C:\Program Files (x86)\Jenkins\war"
2018-05-25 14:11:05,738 INFO  - Started process 2772
2018-05-25 14:11:05,769 DEBUG - Forwarding logs of the process System.Diagnostics.Process (java) to winsw.SizeBasedRollingLogAppender
2018-05-25 14:11:05,972 INFO  - Recording PID of the started process:2772. PID file destination is C:\Program Files (x86)\Jenkins\jenkins.pid
2018-05-25 22:09:22,519 INFO  - Stopping Jenkins
2018-05-25 22:09:26,247 DEBUG - ProcessKill 2772
2018-05-26 13:19:46,303 INFO  - Starting ServiceWrapper in the service mode
2018-05-26 13:19:46,911 INFO  - Starting C:\Program Files (x86)\Jenkins\jre\bin\java -Xrs -Xmx256m -Dhudson.lifecycle=hudson.lifecycle.WindowsServiceLifecycle -jar "C:\Program Files (x86)\Jenkins\jenkins.war" --httpPort=8888 --webroot="C:\Program Files (x86)\Jenkins\war"
2018-05-26 13:19:46,995 INFO  - Extension loaded: killOnStartup
2018-05-26 13:19:47,038 DEBUG - Checking the potentially runaway process with PID=2772
2018-05-26 13:19:47,186 DEBUG - No runaway process with PID=2772. The process has been already stopped.
2018-05-26 13:19:47,214 INFO  - Starting C:\Program Files (x86)\Jenkins\jre\bin\java -Xrs -Xmx256m -Dhudson.lifecycle=hudson.lifecycle.WindowsServiceLifecycle -jar "C:\Program Files (x86)\Jenkins\jenkins.war" --httpPort=8888 --webroot="C:\Program Files (x86)\Jenkins\war"
2018-05-26 13:19:49,482 INFO  - Started process 2596
2018-05-26 13:19:49,482 DEBUG - Forwarding logs of the process System.Diagnostics.Process (java) to winsw.SizeBasedRollingLogAppender
2018-05-26 13:19:49,591 INFO  - Recording PID of the started process:2596. PID file destination is C:\Program Files (x86)\Jenkins\jenkins.pid
2018-05-26 17:51:15,650 INFO  - Stopping Jenkins
2018-05-26 17:51:20,221 DEBUG - ProcessKill 2596
2018-05-28 16:40:54,136 INFO  - Starting ServiceWrapper in the service mode
2018-05-28 16:40:54,535 INFO  - Starting C:\Program Files (x86)\Jenkins\jre\bin\java -Xrs -Xmx256m -Dhudson.lifecycle=hudson.lifecycle.WindowsServiceLifecycle -jar "C:\Program Files (x86)\Jenkins\jenkins.war" --httpPort=8888 --webroot="C:\Program Files (x86)\Jenkins\war"
2018-05-28 16:40:54,611 INFO  - Extension loaded: killOnStartup
2018-05-28 16:40:54,825 DEBUG - Checking the potentially runaway process with PID=2596
2018-05-28 16:40:55,093 DEBUG - No runaway process with PID=2596. The process has been already stopped.
2018-05-28 16:40:55,095 INFO  - Starting C:\Program Files (x86)\Jenkins\jre\bin\java -Xrs -Xmx256m -Dhudson.lifecycle=hudson.lifecycle.WindowsServiceLifecycle -jar "C:\Program Files (x86)\Jenkins\jenkins.war" --httpPort=8888 --webroot="C:\Program Files (x86)\Jenkins\war"
2018-05-28 16:40:55,265 INFO  - Started process 2644
2018-05-28 16:40:55,273 DEBUG - Forwarding logs of the process System.Diagnostics.Process (java) to winsw.SizeBasedRollingLogAppender
2018-05-28 16:40:55,520 INFO  - Recording PID of the started process:2644. PID file destination is C:\Program Files (x86)\Jenkins\jenkins.pid
2018-05-28 22:56:38,972 INFO  - Stopping Jenkins
2018-05-28 22:56:41,593 DEBUG - ProcessKill 2644
2018-05-30 21:05:05,613 INFO  - Starting ServiceWrapper in the service mode
2018-05-30 21:05:06,204 INFO  - Starting C:\Program Files (x86)\Jenkins\jre\bin\java -Xrs -Xmx256m -Dhudson.lifecycle=hudson.lifecycle.WindowsServiceLifecycle -jar "C:\Program Files (x86)\Jenkins\jenkins.war" --httpPort=8888 --webroot="C:\Program Files (x86)\Jenkins\war"
2018-05-30 21:05:06,330 INFO  - Extension loaded: killOnStartup
2018-05-30 21:05:06,363 DEBUG - Checking the potentially runaway process with PID=2644
2018-05-30 21:05:06,911 DEBUG - No runaway process with PID=2644. The process has been already stopped.
2018-05-30 21:05:06,957 INFO  - Starting C:\Program Files (x86)\Jenkins\jre\bin\java -Xrs -Xmx256m -Dhudson.lifecycle=hudson.lifecycle.WindowsServiceLifecycle -jar "C:\Program Files (x86)\Jenkins\jenkins.war" --httpPort=8888 --webroot="C:\Program Files (x86)\Jenkins\war"
2018-05-30 21:05:07,067 INFO  - Started process 2796
2018-05-30 21:05:07,067 DEBUG - Forwarding logs of the process System.Diagnostics.Process (java) to winsw.SizeBasedRollingLogAppender
2018-05-30 21:05:07,176 INFO  - Recording PID of the started process:2796. PID file destination is C:\Program Files (x86)\Jenkins\jenkins.pid
2018-06-04 14:29:47,450 INFO  - Starting ServiceWrapper in the service mode
2018-06-04 14:29:48,994 INFO  - Starting C:\Program Files (x86)\Jenkins\jre\bin\java -Xrs -Xmx256m -Dhudson.lifecycle=hudson.lifecycle.WindowsServiceLifecycle -jar "C:\Program Files (x86)\Jenkins\jenkins.war" --httpPort=8888 --webroot="C:\Program Files (x86)\Jenkins\war"
2018-06-04 14:29:49,088 INFO  - Extension loaded: killOnStartup
2018-06-04 14:29:49,119 DEBUG - Checking the potentially runaway process with PID=2796
2018-06-04 14:29:49,681 DEBUG - No runaway process with PID=2796. The process has been already stopped.
2018-06-04 14:29:49,681 INFO  - Starting C:\Program Files (x86)\Jenkins\jre\bin\java -Xrs -Xmx256m -Dhudson.lifecycle=hudson.lifecycle.WindowsServiceLifecycle -jar "C:\Program Files (x86)\Jenkins\jenkins.war" --httpPort=8888 --webroot="C:\Program Files (x86)\Jenkins\war"
2018-06-04 14:29:57,964 INFO  - Started process 376
2018-06-04 14:29:57,996 DEBUG - Forwarding logs of the process System.Diagnostics.Process (java) to winsw.SizeBasedRollingLogAppender
2018-06-04 14:29:58,120 INFO  - Recording PID of the started process:376. PID file destination is C:\Program Files (x86)\Jenkins\jenkins.pid
2018-06-04 21:44:00,502 INFO  - Stopping Jenkins
2018-06-04 21:44:01,968 DEBUG - ProcessKill 376
2018-06-05 13:58:41,914 INFO  - Starting ServiceWrapper in the service mode
2018-06-05 13:58:43,115 INFO  - Starting C:\Program Files (x86)\Jenkins\jre\bin\java -Xrs -Xmx256m -Dhudson.lifecycle=hudson.lifecycle.WindowsServiceLifecycle -jar "C:\Program Files (x86)\Jenkins\jenkins.war" --httpPort=8888 --webroot="C:\Program Files (x86)\Jenkins\war"
2018-06-05 13:58:43,318 INFO  - Extension loaded: killOnStartup
2018-06-05 13:58:43,630 DEBUG - Checking the potentially runaway process with PID=376
2018-06-05 13:58:44,847 DEBUG - No runaway process with PID=376. The process has been already stopped.
2018-06-05 13:58:44,863 INFO  - Starting C:\Program Files (x86)\Jenkins\jre\bin\java -Xrs -Xmx256m -Dhudson.lifecycle=hudson.lifecycle.WindowsServiceLifecycle -jar "C:\Program Files (x86)\Jenkins\jenkins.war" --httpPort=8888 --webroot="C:\Program Files (x86)\Jenkins\war"
2018-06-05 13:58:45,487 INFO  - Started process 2832
2018-06-05 13:58:45,487 DEBUG - Forwarding logs of the process System.Diagnostics.Process (java) to winsw.SizeBasedRollingLogAppender
2018-06-05 13:58:45,767 INFO  - Recording PID of the started process:2832. PID file destination is C:\Program Files (x86)\Jenkins\jenkins.pid
2018-06-05 19:32:08,983 INFO  - Starting ServiceWrapper in the service mode
2018-06-05 19:32:09,311 INFO  - Starting C:\Program Files (x86)\Jenkins\jre\bin\java -Xrs -Xmx256m -Dhudson.lifecycle=hudson.lifecycle.WindowsServiceLifecycle -jar "C:\Program Files (x86)\Jenkins\jenkins.war" --httpPort=8888 --webroot="C:\Program Files (x86)\Jenkins\war"
2018-06-05 19:32:09,373 INFO  - Extension loaded: killOnStartup
2018-06-05 19:32:09,404 DEBUG - Checking the potentially runaway process with PID=2832
2018-06-05 19:32:09,670 DEBUG - No runaway process with PID=2832. The process has been already stopped.
2018-06-05 19:32:09,670 INFO  - Starting C:\Program Files (x86)\Jenkins\jre\bin\java -Xrs -Xmx256m -Dhudson.lifecycle=hudson.lifecycle.WindowsServiceLifecycle -jar "C:\Program Files (x86)\Jenkins\jenkins.war" --httpPort=8888 --webroot="C:\Program Files (x86)\Jenkins\war"
2018-06-05 19:32:14,958 INFO  - Started process 2076
2018-06-05 19:32:14,958 DEBUG - Forwarding logs of the process System.Diagnostics.Process (java) to winsw.SizeBasedRollingLogAppender
2018-06-05 19:32:15,145 INFO  - Recording PID of the started process:2076. PID file destination is C:\Program Files (x86)\Jenkins\jenkins.pid
